<?xml version="1.0" encoding="UTF-8"?>
<!-- Generated by org.testng.reporters.JUnitReportReporter -->
<testsuite hostname="DESKTOP-JKTER8U" failures="0" tests="5" name="pacage1.Class2Test" time="0.038" errors="0" timestamp="2024-03-24T21:31:48 IST" skipped="0">
  <testcase classname="pacage1.Class2Test" name="method5" time="0.009"/>
  <testcase classname="pacage1.Class2Test" name="method8" time="0.003"/>
  <testcase classname="pacage1.Class2Test" name="method6" time="0.009"/>
  <testcase classname="pacage1.Class2Test" name="method7" time="0.002"/>
  <testcase classname="pacage1.Class2Test" name="method4" time="0.015"/>
</testsuite> <!-- pacage1.Class2Test -->
