<?xml version="1.0" encoding="UTF-8"?>
<!-- Generated by org.testng.reporters.JUnitReportReporter -->
<testsuite hostname="DESKTOP-JKTER8U" failures="0" tests="3" name="pacage1.Class1Test" time="0.022" errors="0" timestamp="2024-03-24T21:31:29 IST" skipped="0">
  <testcase classname="pacage1.Class1Test" name="method1" time="0.018"/>
  <testcase classname="pacage1.Class1Test" name="method3" time="0.002"/>
  <testcase classname="pacage1.Class1Test" name="method2" time="0.002"/>
</testsuite> <!-- pacage1.Class1Test -->
